C51 COMPILER V9.60.0.0   EXP5                                                              09/25/2019 16:46:23 PAGE 1   


C51 COMPILER V9.60.0.0, COMPILATION OF MODULE EXP5
OBJECT MODULE PLACED IN .\Objects\EXP5.obj
COMPILER INVOKED BY: C:\Keil_v5\C51\BIN\C51.EXE EXP5.c OPTIMIZE(8,SPEED) BROWSE DEBUG OBJECTEXTEND PRINT(.\Listings\EXP5
                    -.lst) TABS(2) OBJECT(.\Objects\EXP5.obj)

line level    source

   1          #include<reg51.h>
   2          sbit sen1=p2^0;
*** ERROR C202 IN LINE 2 OF EXP5.c: 'p2': undefined identifier
   3          sbit sen2=p2^1;
*** ERROR C202 IN LINE 3 OF EXP5.c: 'p2': undefined identifier
   4          sbit rs=p3^6;
*** ERROR C202 IN LINE 4 OF EXP5.c: 'p3': undefined identifier
   5          sbit en=p3^7;
*** ERROR C202 IN LINE 5 OF EXP5.c: 'p3': undefined identifier
   6          void lcdcmd(unsigned char);
   7          void lcddat(unsigned char);
   8          void delay();
   9          void lcddis(unsigned char *s,unsigned char r);
  10          void lcdconv(unsigned char);
  11          void main()
  12          {
  13   1      unsigned char x;
  14   1      p0=0xff;
*** ERROR C202 IN LINE 14 OF EXP5.c: 'p0': undefined identifier
  15   1      p1=0xff;
*** ERROR C202 IN LINE 15 OF EXP5.c: 'p1': undefined identifier
  16   1      p2=0xff;
*** ERROR C202 IN LINE 16 OF EXP5.c: 'p2': undefined identifier
  17   1      p3=0xff;
*** ERROR C202 IN LINE 17 OF EXP5.c: 'p3': undefined identifier
  18   1      lcdcmd(0x38);
  19   1      delay();
  20   1      lcdcmd(0x10);
  21   1      delay();
  22   1      lcdcmd(0x10);
  23   1      delay();
  24   1      lcdcmd(0x0c);
  25   1      delay();
  26   1      lcdcmd(0x80);
  27   1      delay();
  28   1      lcddis("WELCOME",7);
  29   1      delay();
  30   1      delay();
  31   1      delay();
  32   1      delay();
  33   1      delay();
  34   1      lcdcmd(0xc0);
  35   1      lcddis("Visitor counter",15);
  36   1      delay();
  37   1      delay();
  38   1      delay();
  39   1      delay();
  40   1      lcdcmd(0x01);
  41   1      delay();
  42   1      lcdcmd(0x80);
  43   1      delay();
  44   1      lcddis("Entry: 00",9);
  45   1      lcdcmd(0x89);
  46   1      while(1)
C51 COMPILER V9.60.0.0   EXP5                                                              09/25/2019 16:46:23 PAGE 2   

  47   1      {
  48   2      if(sen1==0)
*** ERROR C202 IN LINE 48 OF EXP5.c: 'sen1': undefined identifier
  49   2      {
  50   3      lcdmcd(0x80);
  51   3      delay();
  52   3      lcddis("Entry: 8);
*** ERROR C305 IN LINE 52 OF EXP5.c: unterminated string/char const
  53   3      lcdmcd(0x87);
  54   3      x=x+1;
  55   3      lcdconv(x);
  56   3      }
  57   2      if(sen2==0&&x>0)
  58   2      {
  59   3      lcdmcd(0x80);
  60   3      lcddis("Entry: ,8);
*** ERROR C305 IN LINE 60 OF EXP5.c: unterminated string/char const
  61   3      lcdmcd(0x87);
  62   3      x=x-1;
  63   3      lcdconv(x);
  64   3      delay();
  65   3      }
  66   2      }
  67   1      }
  68          void lcdmcd(unsignedchar val)
  69          {
  70   1      p1=val;
  71   1      rs=0;
  72   1      en=1;
  73   1      delay();
  74   1      en=0;
  75   1      }
  76          void lcddat(unsigned char dat)
  77          {
  78   1      p1=dat;
  79   1      rs=1;
  80   1      en=1;
  81   1      delay();
  82   1      en=0;
  83   1      }
  84          void lcddis(unsigned char *s,unsigned char r)
  85          {
  86   1      unsigned char w;
  87   1      for(w=0;w<r;w++)
  88   1      {
  89   2      lcddat(s[w]);
  90   2      delay();
  91   2      }
  92   1      }
  93          void lcdconv(unsigned char num)
  94          {
  95   1      unsigned char p,n;
  96   1      p=num/10;
  97   1      n=num%10;
  98   1      p=p+0x30;
  99   1      n=n+0x30;
 100   1      lcddat(p);
 101   1      lcddat(n);
 102   1      }
 103          void delay()
 104          {
 105   1      unsigned int k,l;
C51 COMPILER V9.60.0.0   EXP5                                                              09/25/2019 16:46:23 PAGE 3   

 106   1      for(k=0;k<10;k++)
 107   1      for(l=0;l<1000;l++)
 108   1      }

C51 COMPILATION COMPLETE.  0 WARNING(S),  11 ERROR(S)
